<?xml version="1.0" encoding="UTF-8"?>
<robot generator="Robot 6.0.1 (Python 3.9.7 on win32)" generated="20230307 20:52:08.444" rpa="false" schemaversion="3">
<suite id="s1" name="Tests Myinfo" source="C:\Projects\Robot Selenium Orange HRM\Tests\tests_myinfo.robot">
<test id="s1-t1" name="Choose Personal data page and input personal data" line="36">
<kw name="Login with valid credentials" library="AppOrangeHRM" type="SETUP">
<kw name="Enter page" library="Common">
<kw name="Open Browser" library="SeleniumLibrary">
<arg>${BASE_URL}</arg>
<arg>${BROWSER}</arg>
<doc>Opens a new browser instance to the optional ``url``.</doc>
<msg timestamp="20230307 20:52:08.636" level="INFO">Opening browser 'chrome' to base url 'https://opensource-demo.orangehrmlive.com/web/index.php/auth/login'.</msg>
<status status="PASS" starttime="20230307 20:52:08.636" endtime="20230307 20:52:11.502"/>
</kw>
<kw name="Maximize Browser Window" library="SeleniumLibrary">
<doc>Maximizes current browser window.</doc>
<status status="PASS" starttime="20230307 20:52:11.502" endtime="20230307 20:52:11.620"/>
</kw>
<kw name="Wait Until Page Contains Element" library="SeleniumLibrary">
<arg>${Base_page_banner}</arg>
<doc>Waits until the element ``locator`` appears on the current page.</doc>
<status status="PASS" starttime="20230307 20:52:11.620" endtime="20230307 20:52:11.854"/>
</kw>
<status status="PASS" starttime="20230307 20:52:08.636" endtime="20230307 20:52:11.854"/>
</kw>
<kw name="Input text into &quot;Username&quot; field" library="Login_page">
<arg>${login_credentials}[0]</arg>
<kw name="Input Text" library="SeleniumLibrary">
<arg>${login_username_field}</arg>
<arg>${username_text}</arg>
<doc>Types the given ``text`` into the text field identified by ``locator``.</doc>
<msg timestamp="20230307 20:52:11.854" level="INFO">Typing text 'Admin' into text field 'xpath=//input[@name='username']'.</msg>
<status status="PASS" starttime="20230307 20:52:11.854" endtime="20230307 20:52:11.963"/>
</kw>
<status status="PASS" starttime="20230307 20:52:11.854" endtime="20230307 20:52:11.963"/>
</kw>
<kw name="Input text into &quot;Password&quot; field" library="Login_page">
<arg>${login_credentials}[1]</arg>
<kw name="Input Text" library="SeleniumLibrary">
<arg>${login_password_field}</arg>
<arg>${password_text}</arg>
<doc>Types the given ``text`` into the text field identified by ``locator``.</doc>
<msg timestamp="20230307 20:52:11.963" level="INFO">Typing text 'admin123' into text field 'xpath=//input[@name='password']'.</msg>
<status status="PASS" starttime="20230307 20:52:11.963" endtime="20230307 20:52:12.097"/>
</kw>
<status status="PASS" starttime="20230307 20:52:11.963" endtime="20230307 20:52:12.097"/>
</kw>
<kw name="Click &quot;Login&quot; button" library="Login_page">
<kw name="Click Button" library="SeleniumLibrary">
<arg>${login_login_button}</arg>
<doc>Clicks the button identified by ``locator``.</doc>
<msg timestamp="20230307 20:52:12.097" level="INFO">Clicking button '//button[@type='submit']'.</msg>
<status status="PASS" starttime="20230307 20:52:12.097" endtime="20230307 20:52:13.186"/>
</kw>
<status status="PASS" starttime="20230307 20:52:12.097" endtime="20230307 20:52:13.186"/>
</kw>
<status status="PASS" starttime="20230307 20:52:08.636" endtime="20230307 20:52:13.186"/>
</kw>
<kw name="Main Page validation" library="Dashboard_page">
<kw name="Wait Until Page Contains Element" library="SeleniumLibrary">
<arg>${dashboard_my_info_tab}</arg>
<doc>Waits until the element ``locator`` appears on the current page.</doc>
<status status="PASS" starttime="20230307 20:52:13.186" endtime="20230307 20:52:13.502"/>
</kw>
<kw name="Click Element" library="SeleniumLibrary">
<arg>${dashboard_my_info_tab}</arg>
<doc>Click the element identified by ``locator``.</doc>
<msg timestamp="20230307 20:52:13.502" level="INFO">Clicking element '//li/a/span[contains(., 'My Info')]'.</msg>
<status status="PASS" starttime="20230307 20:52:13.502" endtime="20230307 20:52:14.956"/>
</kw>
<status status="PASS" starttime="20230307 20:52:13.186" endtime="20230307 20:52:14.956"/>
</kw>
<kw name="My Info page validation" library="My_info_page">
<kw name="Wait Until Page Contains Element" library="SeleniumLibrary">
<arg>${my_info_page_validator}</arg>
<doc>Waits until the element ``locator`` appears on the current page.</doc>
<status status="PASS" starttime="20230307 20:52:14.956" endtime="20230307 20:52:15.217"/>
</kw>
<status status="PASS" starttime="20230307 20:52:14.956" endtime="20230307 20:52:15.226"/>
</kw>
<kw name="Input Value to MyInfo form field" library="AppOrangeHRM">
<arg>${my_info_firstname}</arg>
<arg>${username_form.firstname}</arg>
<kw name="Click Element" library="SeleniumLibrary">
<arg>${locator}</arg>
<doc>Click the element identified by ``locator``.</doc>
<msg timestamp="20230307 20:52:15.227" level="INFO">Clicking element '//input[@name='firstName']'.</msg>
<status status="PASS" starttime="20230307 20:52:15.227" endtime="20230307 20:52:16.428"/>
</kw>
<kw name="Press Keys" library="SeleniumLibrary">
<arg>${locator}</arg>
<arg>CTRL+a</arg>
<arg>BACKSPACE</arg>
<doc>Simulates the user pressing key(s) to an element or on the active browser.</doc>
<msg timestamp="20230307 20:52:16.428" level="INFO">Sending key(s) ('CTRL+a', 'BACKSPACE') to //input[@name='firstName'] element.</msg>
<msg timestamp="20230307 20:52:16.736" level="INFO">Pressing special key CONTROL down.</msg>
<msg timestamp="20230307 20:52:16.736" level="INFO">Sending key a</msg>
<msg timestamp="20230307 20:52:16.736" level="INFO">Releasing special key CONTROL.</msg>
<msg timestamp="20230307 20:52:16.756" level="INFO">Pressing special key BACKSPACE to element.</msg>
<msg timestamp="20230307 20:52:16.766" level="INFO">Releasing special key BACKSPACE.</msg>
<status status="PASS" starttime="20230307 20:52:16.428" endtime="20230307 20:52:16.786"/>
</kw>
<kw name="Input Text" library="SeleniumLibrary">
<arg>${locator}</arg>
<arg>${input value}</arg>
<doc>Types the given ``text`` into the text field identified by ``locator``.</doc>
<msg timestamp="20230307 20:52:16.786" level="INFO">Typing text 'Yaro' into text field '//input[@name='firstName']'.</msg>
<status status="PASS" starttime="20230307 20:52:16.786" endtime="20230307 20:52:16.885"/>
</kw>
<status status="PASS" starttime="20230307 20:52:15.226" endtime="20230307 20:52:16.885"/>
</kw>
<kw name="Input Value to MyInfo form field" library="AppOrangeHRM">
<arg>${my_info_middlename}</arg>
<arg>${username_form.middlename}</arg>
<kw name="Click Element" library="SeleniumLibrary">
<arg>${locator}</arg>
<doc>Click the element identified by ``locator``.</doc>
<msg timestamp="20230307 20:52:16.885" level="INFO">Clicking element '//input[@name='middleName']'.</msg>
<status status="PASS" starttime="20230307 20:52:16.885" endtime="20230307 20:52:16.969"/>
</kw>
<kw name="Press Keys" library="SeleniumLibrary">
<arg>${locator}</arg>
<arg>CTRL+a</arg>
<arg>BACKSPACE</arg>
<doc>Simulates the user pressing key(s) to an element or on the active browser.</doc>
<msg timestamp="20230307 20:52:16.969" level="INFO">Sending key(s) ('CTRL+a', 'BACKSPACE') to //input[@name='middleName'] element.</msg>
<msg timestamp="20230307 20:52:17.283" level="INFO">Pressing special key CONTROL down.</msg>
<msg timestamp="20230307 20:52:17.283" level="INFO">Sending key a</msg>
<msg timestamp="20230307 20:52:17.283" level="INFO">Releasing special key CONTROL.</msg>
<msg timestamp="20230307 20:52:17.314" level="INFO">Pressing special key BACKSPACE to element.</msg>
<msg timestamp="20230307 20:52:17.314" level="INFO">Releasing special key BACKSPACE.</msg>
<status status="PASS" starttime="20230307 20:52:16.969" endtime="20230307 20:52:17.342"/>
</kw>
<kw name="Input Text" library="SeleniumLibrary">
<arg>${locator}</arg>
<arg>${input value}</arg>
<doc>Types the given ``text`` into the text field identified by ``locator``.</doc>
<msg timestamp="20230307 20:52:17.342" level="INFO">Typing text 'B' into text field '//input[@name='middleName']'.</msg>
<status status="PASS" starttime="20230307 20:52:17.342" endtime="20230307 20:52:17.442"/>
</kw>
<status status="PASS" starttime="20230307 20:52:16.885" endtime="20230307 20:52:17.442"/>
</kw>
<kw name="Input Value to MyInfo form field" library="AppOrangeHRM">
<arg>${my_info_lastname}</arg>
<arg>${username_form.lastname}</arg>
<kw name="Click Element" library="SeleniumLibrary">
<arg>${locator}</arg>
<doc>Click the element identified by ``locator``.</doc>
<msg timestamp="20230307 20:52:17.446" level="INFO">Clicking element '//input[@name='lastName']'.</msg>
<status status="PASS" starttime="20230307 20:52:17.446" endtime="20230307 20:52:17.525"/>
</kw>
<kw name="Press Keys" library="SeleniumLibrary">
<arg>${locator}</arg>
<arg>CTRL+a</arg>
<arg>BACKSPACE</arg>
<doc>Simulates the user pressing key(s) to an element or on the active browser.</doc>
<msg timestamp="20230307 20:52:17.533" level="INFO">Sending key(s) ('CTRL+a', 'BACKSPACE') to //input[@name='lastName'] element.</msg>
<msg timestamp="20230307 20:52:17.843" level="INFO">Pressing special key CONTROL down.</msg>
<msg timestamp="20230307 20:52:17.843" level="INFO">Sending key a</msg>
<msg timestamp="20230307 20:52:17.843" level="INFO">Releasing special key CONTROL.</msg>
<msg timestamp="20230307 20:52:17.859" level="INFO">Pressing special key BACKSPACE to element.</msg>
<msg timestamp="20230307 20:52:17.859" level="INFO">Releasing special key BACKSPACE.</msg>
<status status="PASS" starttime="20230307 20:52:17.525" endtime="20230307 20:52:17.890"/>
</kw>
<kw name="Input Text" library="SeleniumLibrary">
<arg>${locator}</arg>
<arg>${input value}</arg>
<doc>Types the given ``text`` into the text field identified by ``locator``.</doc>
<msg timestamp="20230307 20:52:17.890" level="INFO">Typing text 'Baro' into text field '//input[@name='lastName']'.</msg>
<status status="PASS" starttime="20230307 20:52:17.890" endtime="20230307 20:52:18.006"/>
</kw>
<status status="PASS" starttime="20230307 20:52:17.442" endtime="20230307 20:52:18.006"/>
</kw>
<kw name="Run Keyword And Return Status" library="BuiltIn">
<var>${is_visible}</var>
<arg>Element Should Be Visible</arg>
<arg>${my_info_nickname}</arg>
<doc>Runs the given keyword with given arguments and returns the status as a Boolean value.</doc>
<kw name="Element Should Be Visible" library="SeleniumLibrary">
<arg>${my_info_nickname}</arg>
<doc>Verifies that the element identified by ``locator`` is visible.</doc>
<msg timestamp="20230307 20:52:18.254" level="INFO" html="true">&lt;/td&gt;&lt;/tr&gt;&lt;tr&gt;&lt;td colspan="3"&gt;&lt;a href="selenium-screenshot-7.png"&gt;&lt;img src="selenium-screenshot-7.png" width="800px"&gt;&lt;/a&gt;</msg>
<msg timestamp="20230307 20:52:18.254" level="FAIL">Element with locator '//form/div//label[contains(text(), 'Nickname')]/parent::div/following-sibling::div/input' not found.</msg>
<status status="FAIL" starttime="20230307 20:52:18.015" endtime="20230307 20:52:18.254"/>
</kw>
<msg timestamp="20230307 20:52:18.254" level="INFO">${is_visible} = False</msg>
<status status="PASS" starttime="20230307 20:52:18.015" endtime="20230307 20:52:18.254"/>
</kw>
<if>
<branch type="IF" condition="'${is_visible}'=='True'">
<kw name="Input Value to MyInfo form field" library="AppOrangeHRM">
<arg>${my_info_nickname}</arg>
<arg>${username_form.nickname}</arg>
<status status="NOT RUN" starttime="20230307 20:52:18.254" endtime="20230307 20:52:18.254"/>
</kw>
<status status="NOT RUN" starttime="20230307 20:52:18.254" endtime="20230307 20:52:18.254"/>
</branch>
<status status="PASS" starttime="20230307 20:52:18.254" endtime="20230307 20:52:18.254"/>
</if>
<kw name="Input Value to MyInfo form field" library="AppOrangeHRM">
<arg>${my_info_employee_ID}</arg>
<arg>${username_form.employee_Id}</arg>
<kw name="Click Element" library="SeleniumLibrary">
<arg>${locator}</arg>
<doc>Click the element identified by ``locator``.</doc>
<msg timestamp="20230307 20:52:18.270" level="INFO">Clicking element '//form[contains(@class, 'oxd')]//label[contains(text(), 'Employee Id')]/parent::div/following-sibling::div/input'.</msg>
<status status="PASS" starttime="20230307 20:52:18.270" endtime="20230307 20:52:18.351"/>
</kw>
<kw name="Press Keys" library="SeleniumLibrary">
<arg>${locator}</arg>
<arg>CTRL+a</arg>
<arg>BACKSPACE</arg>
<doc>Simulates the user pressing key(s) to an element or on the active browser.</doc>
<msg timestamp="20230307 20:52:18.351" level="INFO">Sending key(s) ('CTRL+a', 'BACKSPACE') to //form[contains(@class, 'oxd')]//label[contains(text(), 'Employee Id')]/parent::div/following-sibling::div/input element.</msg>
<msg timestamp="20230307 20:52:18.645" level="INFO">Pressing special key CONTROL down.</msg>
<msg timestamp="20230307 20:52:18.645" level="INFO">Sending key a</msg>
<msg timestamp="20230307 20:52:18.645" level="INFO">Releasing special key CONTROL.</msg>
<msg timestamp="20230307 20:52:18.664" level="INFO">Pressing special key BACKSPACE to element.</msg>
<msg timestamp="20230307 20:52:18.664" level="INFO">Releasing special key BACKSPACE.</msg>
<status status="PASS" starttime="20230307 20:52:18.351" endtime="20230307 20:52:18.682"/>
</kw>
<kw name="Input Text" library="SeleniumLibrary">
<arg>${locator}</arg>
<arg>${input value}</arg>
<doc>Types the given ``text`` into the text field identified by ``locator``.</doc>
<msg timestamp="20230307 20:52:18.682" level="INFO">Typing text '456' into text field '//form[contains(@class, 'oxd')]//label[contains(text(), 'Employee Id')]/parent::div/following-sibling::div/input'.</msg>
<status status="PASS" starttime="20230307 20:52:18.682" endtime="20230307 20:52:18.783"/>
</kw>
<status status="PASS" starttime="20230307 20:52:18.254" endtime="20230307 20:52:18.783"/>
</kw>
<kw name="Input Value to MyInfo form field" library="AppOrangeHRM">
<arg>${my_info_other_id}</arg>
<arg>${username_form.other_id}</arg>
<kw name="Click Element" library="SeleniumLibrary">
<arg>${locator}</arg>
<doc>Click the element identified by ``locator``.</doc>
<msg timestamp="20230307 20:52:18.783" level="INFO">Clicking element '//form[contains(@class, 'oxd')]//label[contains(text(), 'Other Id')]/parent::div/following-sibling::div/input'.</msg>
<status status="PASS" starttime="20230307 20:52:18.783" endtime="20230307 20:52:18.864"/>
</kw>
<kw name="Press Keys" library="SeleniumLibrary">
<arg>${locator}</arg>
<arg>CTRL+a</arg>
<arg>BACKSPACE</arg>
<doc>Simulates the user pressing key(s) to an element or on the active browser.</doc>
<msg timestamp="20230307 20:52:18.864" level="INFO">Sending key(s) ('CTRL+a', 'BACKSPACE') to //form[contains(@class, 'oxd')]//label[contains(text(), 'Other Id')]/parent::div/following-sibling::div/input element.</msg>
<msg timestamp="20230307 20:52:19.157" level="INFO">Pressing special key CONTROL down.</msg>
<msg timestamp="20230307 20:52:19.157" level="INFO">Sending key a</msg>
<msg timestamp="20230307 20:52:19.157" level="INFO">Releasing special key CONTROL.</msg>
<msg timestamp="20230307 20:52:19.178" level="INFO">Pressing special key BACKSPACE to element.</msg>
<msg timestamp="20230307 20:52:19.178" level="INFO">Releasing special key BACKSPACE.</msg>
<status status="PASS" starttime="20230307 20:52:18.864" endtime="20230307 20:52:19.191"/>
</kw>
<kw name="Input Text" library="SeleniumLibrary">
<arg>${locator}</arg>
<arg>${input value}</arg>
<doc>Types the given ``text`` into the text field identified by ``locator``.</doc>
<msg timestamp="20230307 20:52:19.191" level="INFO">Typing text '123' into text field '//form[contains(@class, 'oxd')]//label[contains(text(), 'Other Id')]/parent::div/following-sibling::div/input'.</msg>
<status status="PASS" starttime="20230307 20:52:19.191" endtime="20230307 20:52:19.283"/>
</kw>
<status status="PASS" starttime="20230307 20:52:18.783" endtime="20230307 20:52:19.283"/>
</kw>
<kw name="Input Value to MyInfo form field" library="AppOrangeHRM">
<arg>${my_info_driverlicense}</arg>
<arg>${username_form.drivers_license}</arg>
<kw name="Click Element" library="SeleniumLibrary">
<arg>${locator}</arg>
<doc>Click the element identified by ``locator``.</doc>
<msg timestamp="20230307 20:52:19.283" level="INFO">Clicking element '//form[contains(@class, 'oxd')]//label[contains(text(), 'Driver')]/parent::div/following-sibling::div/input'.</msg>
<status status="PASS" starttime="20230307 20:52:19.283" endtime="20230307 20:52:19.363"/>
</kw>
<kw name="Press Keys" library="SeleniumLibrary">
<arg>${locator}</arg>
<arg>CTRL+a</arg>
<arg>BACKSPACE</arg>
<doc>Simulates the user pressing key(s) to an element or on the active browser.</doc>
<msg timestamp="20230307 20:52:19.363" level="INFO">Sending key(s) ('CTRL+a', 'BACKSPACE') to //form[contains(@class, 'oxd')]//label[contains(text(), 'Driver')]/parent::div/following-sibling::div/input element.</msg>
<msg timestamp="20230307 20:52:19.658" level="INFO">Pressing special key CONTROL down.</msg>
<msg timestamp="20230307 20:52:19.658" level="INFO">Sending key a</msg>
<msg timestamp="20230307 20:52:19.658" level="INFO">Releasing special key CONTROL.</msg>
<msg timestamp="20230307 20:52:19.674" level="INFO">Pressing special key BACKSPACE to element.</msg>
<msg timestamp="20230307 20:52:19.674" level="INFO">Releasing special key BACKSPACE.</msg>
<status status="PASS" starttime="20230307 20:52:19.363" endtime="20230307 20:52:19.691"/>
</kw>
<kw name="Input Text" library="SeleniumLibrary">
<arg>${locator}</arg>
<arg>${input value}</arg>
<doc>Types the given ``text`` into the text field identified by ``locator``.</doc>
<msg timestamp="20230307 20:52:19.691" level="INFO">Typing text '567' into text field '//form[contains(@class, 'oxd')]//label[contains(text(), 'Driver')]/parent::div/following-sibling::div/input'.</msg>
<status status="PASS" starttime="20230307 20:52:19.691" endtime="20230307 20:52:19.788"/>
</kw>
<status status="PASS" starttime="20230307 20:52:19.283" endtime="20230307 20:52:19.788"/>
</kw>
<kw name="Input License Expiry Date" library="My_info_page">
<arg>${username_form.license_expiry_date}</arg>
<kw name="Click Element" library="SeleniumLibrary">
<arg>${my_info_licensedate}</arg>
<doc>Click the element identified by ``locator``.</doc>
<msg timestamp="20230307 20:52:19.788" level="INFO">Clicking element '//form[contains(@class, 'oxd')]//label[contains(text(), 'License Expiry Date')]/parent::div/following-sibling::div//input'.</msg>
<status status="PASS" starttime="20230307 20:52:19.788" endtime="20230307 20:52:19.880"/>
</kw>
<kw name="Input Text" library="SeleniumLibrary">
<arg>${my_info_licensedate}</arg>
<arg>${licensedate}</arg>
<doc>Types the given ``text`` into the text field identified by ``locator``.</doc>
<msg timestamp="20230307 20:52:19.880" level="INFO">Typing text '2012-12-12' into text field '//form[contains(@class, 'oxd')]//label[contains(text(), 'License Expiry Date')]/parent::div/following-sibling::div//input'.</msg>
<status status="PASS" starttime="20230307 20:52:19.880" endtime="20230307 20:52:19.974"/>
</kw>
<status status="PASS" starttime="20230307 20:52:19.788" endtime="20230307 20:52:19.974"/>
</kw>
<kw name="Choose nationality" library="My_info_page">
<kw name="Click Element" library="SeleniumLibrary">
<arg>${my_info_nationality_list}</arg>
<doc>Click the element identified by ``locator``.</doc>
<msg timestamp="20230307 20:52:19.974" level="INFO">Clicking element '//form[contains(@class, 'oxd')]//label[contains(text(), 'Nationality')]/parent::div/following-sibling::div/div/div/div'.</msg>
<status status="PASS" starttime="20230307 20:52:19.974" endtime="20230307 20:52:20.063"/>
</kw>
<kw name="Click Element" library="SeleniumLibrary">
<arg>${my_info_nationality}</arg>
<doc>Click the element identified by ``locator``.</doc>
<msg timestamp="20230307 20:52:20.063" level="INFO">Clicking element '//div[@role='option']/span[contains(text(), 'Polish')]'.</msg>
<status status="PASS" starttime="20230307 20:52:20.063" endtime="20230307 20:52:20.127"/>
</kw>
<status status="PASS" starttime="20230307 20:52:19.974" endtime="20230307 20:52:20.127"/>
</kw>
<kw name="Choose martial status" library="My_info_page">
<kw name="Click Element" library="SeleniumLibrary">
<arg>${my_info_martial_status_list}</arg>
<doc>Click the element identified by ``locator``.</doc>
<msg timestamp="20230307 20:52:20.130" level="INFO">Clicking element '//form/div//label[contains(text(), 'Marital Status')]/parent::div/following-sibling::div/div/div/div'.</msg>
<status status="PASS" starttime="20230307 20:52:20.130" endtime="20230307 20:52:20.400"/>
</kw>
<kw name="Click Element" library="SeleniumLibrary">
<arg>${my_info_martial_status}</arg>
<doc>Click the element identified by ``locator``.</doc>
<msg timestamp="20230307 20:52:20.400" level="INFO">Clicking element '//div[@role='listbox']//span[contains(text(), 'Single')]'.</msg>
<status status="PASS" starttime="20230307 20:52:20.400" endtime="20230307 20:52:20.471"/>
</kw>
<status status="PASS" starttime="20230307 20:52:20.129" endtime="20230307 20:52:20.471"/>
</kw>
<kw name="Input Value to MyInfo form field" library="AppOrangeHRM">
<arg>${my_info_ssn}</arg>
<arg>${username_form.ssn_number}</arg>
<kw name="Click Element" library="SeleniumLibrary">
<arg>${locator}</arg>
<doc>Click the element identified by ``locator``.</doc>
<msg timestamp="20230307 20:52:20.479" level="INFO">Clicking element '//form[contains(@class, 'oxd')]//label[contains(text(), 'SSN Number')]/parent::div/following-sibling::div/input'.</msg>
<status status="PASS" starttime="20230307 20:52:20.471" endtime="20230307 20:52:20.563"/>
</kw>
<kw name="Press Keys" library="SeleniumLibrary">
<arg>${locator}</arg>
<arg>CTRL+a</arg>
<arg>BACKSPACE</arg>
<doc>Simulates the user pressing key(s) to an element or on the active browser.</doc>
<msg timestamp="20230307 20:52:20.563" level="INFO">Sending key(s) ('CTRL+a', 'BACKSPACE') to //form[contains(@class, 'oxd')]//label[contains(text(), 'SSN Number')]/parent::div/following-sibling::div/input element.</msg>
<msg timestamp="20230307 20:52:20.852" level="INFO">Pressing special key CONTROL down.</msg>
<msg timestamp="20230307 20:52:20.852" level="INFO">Sending key a</msg>
<msg timestamp="20230307 20:52:20.852" level="INFO">Releasing special key CONTROL.</msg>
<msg timestamp="20230307 20:52:20.875" level="INFO">Pressing special key BACKSPACE to element.</msg>
<msg timestamp="20230307 20:52:20.875" level="INFO">Releasing special key BACKSPACE.</msg>
<status status="PASS" starttime="20230307 20:52:20.563" endtime="20230307 20:52:20.888"/>
</kw>
<kw name="Input Text" library="SeleniumLibrary">
<arg>${locator}</arg>
<arg>${input value}</arg>
<doc>Types the given ``text`` into the text field identified by ``locator``.</doc>
<msg timestamp="20230307 20:52:20.896" level="INFO">Typing text '890' into text field '//form[contains(@class, 'oxd')]//label[contains(text(), 'SSN Number')]/parent::div/following-sibling::div/input'.</msg>
<status status="PASS" starttime="20230307 20:52:20.888" endtime="20230307 20:52:20.996"/>
</kw>
<status status="PASS" starttime="20230307 20:52:20.471" endtime="20230307 20:52:20.996"/>
</kw>
<kw name="Input Value to MyInfo form field" library="AppOrangeHRM">
<arg>${my_info_sin}</arg>
<arg>${username_form.sin_number}</arg>
<kw name="Click Element" library="SeleniumLibrary">
<arg>${locator}</arg>
<doc>Click the element identified by ``locator``.</doc>
<msg timestamp="20230307 20:52:20.996" level="INFO">Clicking element '//form[contains(@class, 'oxd')]//label[contains(text(), 'SIN Number')]/parent::div/following-sibling::div/input'.</msg>
<status status="PASS" starttime="20230307 20:52:20.996" endtime="20230307 20:52:21.068"/>
</kw>
<kw name="Press Keys" library="SeleniumLibrary">
<arg>${locator}</arg>
<arg>CTRL+a</arg>
<arg>BACKSPACE</arg>
<doc>Simulates the user pressing key(s) to an element or on the active browser.</doc>
<msg timestamp="20230307 20:52:21.068" level="INFO">Sending key(s) ('CTRL+a', 'BACKSPACE') to //form[contains(@class, 'oxd')]//label[contains(text(), 'SIN Number')]/parent::div/following-sibling::div/input element.</msg>
<msg timestamp="20230307 20:52:21.380" level="INFO">Pressing special key CONTROL down.</msg>
<msg timestamp="20230307 20:52:21.380" level="INFO">Sending key a</msg>
<msg timestamp="20230307 20:52:21.380" level="INFO">Releasing special key CONTROL.</msg>
<msg timestamp="20230307 20:52:21.401" level="INFO">Pressing special key BACKSPACE to element.</msg>
<msg timestamp="20230307 20:52:21.401" level="INFO">Releasing special key BACKSPACE.</msg>
<status status="PASS" starttime="20230307 20:52:21.068" endtime="20230307 20:52:21.415"/>
</kw>
<kw name="Input Text" library="SeleniumLibrary">
<arg>${locator}</arg>
<arg>${input value}</arg>
<doc>Types the given ``text`` into the text field identified by ``locator``.</doc>
<msg timestamp="20230307 20:52:21.423" level="INFO">Typing text '098' into text field '//form[contains(@class, 'oxd')]//label[contains(text(), 'SIN Number')]/parent::div/following-sibling::div/input'.</msg>
<status status="PASS" starttime="20230307 20:52:21.415" endtime="20230307 20:52:21.527"/>
</kw>
<status status="PASS" starttime="20230307 20:52:20.996" endtime="20230307 20:52:21.529"/>
</kw>
<kw name="Input Value to MyInfo form field" library="AppOrangeHRM">
<arg>${my_info_dateofbirth}</arg>
<arg>${username_form.date_of_birth}</arg>
<kw name="Click Element" library="SeleniumLibrary">
<arg>${locator}</arg>
<doc>Click the element identified by ``locator``.</doc>
<msg timestamp="20230307 20:52:21.529" level="INFO">Clicking element '//form[contains(@class, 'oxd')]//label[contains(text(), 'Date of Birth')]/parent::div/following-sibling::div//input'.</msg>
<status status="PASS" starttime="20230307 20:52:21.529" endtime="20230307 20:52:21.622"/>
</kw>
<kw name="Press Keys" library="SeleniumLibrary">
<arg>${locator}</arg>
<arg>CTRL+a</arg>
<arg>BACKSPACE</arg>
<doc>Simulates the user pressing key(s) to an element or on the active browser.</doc>
<msg timestamp="20230307 20:52:21.628" level="INFO">Sending key(s) ('CTRL+a', 'BACKSPACE') to //form[contains(@class, 'oxd')]//label[contains(text(), 'Date of Birth')]/parent::div/following-sibling::div//input element.</msg>
<msg timestamp="20230307 20:52:21.953" level="INFO">Pressing special key CONTROL down.</msg>
<msg timestamp="20230307 20:52:21.953" level="INFO">Sending key a</msg>
<msg timestamp="20230307 20:52:21.953" level="INFO">Releasing special key CONTROL.</msg>
<msg timestamp="20230307 20:52:21.970" level="INFO">Pressing special key BACKSPACE to element.</msg>
<msg timestamp="20230307 20:52:21.970" level="INFO">Releasing special key BACKSPACE.</msg>
<status status="PASS" starttime="20230307 20:52:21.622" endtime="20230307 20:52:21.995"/>
</kw>
<kw name="Input Text" library="SeleniumLibrary">
<arg>${locator}</arg>
<arg>${input value}</arg>
<doc>Types the given ``text`` into the text field identified by ``locator``.</doc>
<msg timestamp="20230307 20:52:21.995" level="INFO">Typing text '1980-12-12' into text field '//form[contains(@class, 'oxd')]//label[contains(text(), 'Date of Birth')]/parent::div/following-sibling::div//input'.</msg>
<status status="PASS" starttime="20230307 20:52:21.995" endtime="20230307 20:52:22.120"/>
</kw>
<status status="PASS" starttime="20230307 20:52:21.529" endtime="20230307 20:52:22.120"/>
</kw>
<kw name="Choose Female" library="My_info_page">
<kw name="Click Element" library="SeleniumLibrary">
<arg>${my_info_gender_female}</arg>
<doc>Click the element identified by ``locator``.</doc>
<msg timestamp="20230307 20:52:22.120" level="INFO">Clicking element '(//input[@type='radio']/following-sibling::span)[2]'.</msg>
<status status="PASS" starttime="20230307 20:52:22.120" endtime="20230307 20:52:22.200"/>
</kw>
<status status="PASS" starttime="20230307 20:52:22.120" endtime="20230307 20:52:22.200"/>
</kw>
<kw name="Choose Male" library="My_info_page">
<kw name="Click Element" library="SeleniumLibrary">
<arg>${my_info_gender_male}</arg>
<doc>Click the element identified by ``locator``.</doc>
<msg timestamp="20230307 20:52:22.203" level="INFO">Clicking element '(//input[@type='radio']/following-sibling::span)[1]'.</msg>
<status status="PASS" starttime="20230307 20:52:22.203" endtime="20230307 20:52:22.278"/>
</kw>
<status status="PASS" starttime="20230307 20:52:22.203" endtime="20230307 20:52:22.278"/>
</kw>
<kw name="Click checkbox" library="My_info_page">
<kw name="Click Element" library="SeleniumLibrary">
<arg>${my_info_checkbox}</arg>
<doc>Click the element identified by ``locator``.</doc>
<msg timestamp="20230307 20:52:22.281" level="INFO">Clicking element '//i[contains(@class, 'oxd-checkbox')]'.</msg>
<status status="PASS" starttime="20230307 20:52:22.281" endtime="20230307 20:52:22.361"/>
</kw>
<status status="PASS" starttime="20230307 20:52:22.281" endtime="20230307 20:52:22.361"/>
</kw>
<kw name="Input Value to MyInfo form field" library="AppOrangeHRM">
<arg>${my_info_military}</arg>
<arg>${username_form.military_service}</arg>
<kw name="Click Element" library="SeleniumLibrary">
<arg>${locator}</arg>
<doc>Click the element identified by ``locator``.</doc>
<msg timestamp="20230307 20:52:22.370" level="INFO">Clicking element '//form[contains(@class, 'oxd')]//label[contains(text(), 'Military Service')]/parent::div/following-sibling::div/input'.</msg>
<msg timestamp="20230307 20:52:22.558" level="INFO" html="true">&lt;/td&gt;&lt;/tr&gt;&lt;tr&gt;&lt;td colspan="3"&gt;&lt;a href="selenium-screenshot-8.png"&gt;&lt;img src="selenium-screenshot-8.png" width="800px"&gt;&lt;/a&gt;</msg>
<msg timestamp="20230307 20:52:22.558" level="FAIL">Element with locator '//form[contains(@class, 'oxd')]//label[contains(text(), 'Military Service')]/parent::div/following-sibling::div/input' not found.</msg>
<status status="FAIL" starttime="20230307 20:52:22.370" endtime="20230307 20:52:22.558"/>
</kw>
<kw name="Press Keys" library="SeleniumLibrary">
<arg>${locator}</arg>
<arg>CTRL+a</arg>
<arg>BACKSPACE</arg>
<doc>Simulates the user pressing key(s) to an element or on the active browser.</doc>
<status status="NOT RUN" starttime="20230307 20:52:22.558" endtime="20230307 20:52:22.558"/>
</kw>
<kw name="Input Text" library="SeleniumLibrary">
<arg>${locator}</arg>
<arg>${input value}</arg>
<doc>Types the given ``text`` into the text field identified by ``locator``.</doc>
<status status="NOT RUN" starttime="20230307 20:52:22.558" endtime="20230307 20:52:22.558"/>
</kw>
<status status="FAIL" starttime="20230307 20:52:22.361" endtime="20230307 20:52:22.558"/>
</kw>
<kw name="Click &quot;Save&quot; form button" library="My_info_page">
<status status="NOT RUN" starttime="20230307 20:52:22.558" endtime="20230307 20:52:22.558"/>
</kw>
<kw name="Logout and close page" library="Common" type="TEARDOWN">
<kw name="Logout user" library="Dashboard_page">
<kw name="Wait Until Page Contains Element" library="SeleniumLibrary">
<arg>${dashboard_user_dropdown}</arg>
<doc>Waits until the element ``locator`` appears on the current page.</doc>
<status status="PASS" starttime="20230307 20:52:22.558" endtime="20230307 20:52:22.574"/>
</kw>
<kw name="Click Element" library="SeleniumLibrary">
<arg>${dashboard_user_dropdown}</arg>
<doc>Click the element identified by ``locator``.</doc>
<msg timestamp="20230307 20:52:22.574" level="INFO">Clicking element '//span[@class='oxd-userdropdown-tab']'.</msg>
<status status="PASS" starttime="20230307 20:52:22.574" endtime="20230307 20:52:22.651"/>
</kw>
<kw name="Wait Until Page Contains Element" library="SeleniumLibrary">
<arg>${dashboard_user_logout}</arg>
<doc>Waits until the element ``locator`` appears on the current page.</doc>
<status status="PASS" starttime="20230307 20:52:22.652" endtime="20230307 20:52:23.123"/>
</kw>
<kw name="Click Element" library="SeleniumLibrary">
<arg>${dashboard_user_logout}</arg>
<doc>Click the element identified by ``locator``.</doc>
<msg timestamp="20230307 20:52:23.123" level="INFO">Clicking element '//ul[@class='oxd-dropdown-menu']/li/a[contains(text(), 'Logout')]'.</msg>
<status status="PASS" starttime="20230307 20:52:23.123" endtime="20230307 20:52:23.678"/>
</kw>
<status status="PASS" starttime="20230307 20:52:22.558" endtime="20230307 20:52:23.678"/>
</kw>
<kw name="Close Browser" library="SeleniumLibrary">
<doc>Closes the current browser.</doc>
<status status="PASS" starttime="20230307 20:52:23.686" endtime="20230307 20:52:25.994"/>
</kw>
<status status="PASS" starttime="20230307 20:52:22.558" endtime="20230307 20:52:25.994"/>
</kw>
<tag>MyInfoPage</tag>
<status status="FAIL" starttime="20230307 20:52:08.636" endtime="20230307 20:52:25.994">Element with locator '//form[contains(@class, 'oxd')]//label[contains(text(), 'Military Service')]/parent::div/following-sibling::div/input' not found.</status>
</test>
<test id="s1-t2" name="Check Martial Status list values" line="70">
<kw name="Login with valid credentials" library="AppOrangeHRM" type="SETUP">
<kw name="Enter page" library="Common">
<kw name="Open Browser" library="SeleniumLibrary">
<arg>${BASE_URL}</arg>
<arg>${BROWSER}</arg>
<doc>Opens a new browser instance to the optional ``url``.</doc>
<msg timestamp="20230307 20:52:25.994" level="INFO">Opening browser 'chrome' to base url 'https://opensource-demo.orangehrmlive.com/web/index.php/auth/login'.</msg>
<status status="PASS" starttime="20230307 20:52:25.994" endtime="20230307 20:52:28.571"/>
</kw>
<kw name="Maximize Browser Window" library="SeleniumLibrary">
<doc>Maximizes current browser window.</doc>
<status status="PASS" starttime="20230307 20:52:28.571" endtime="20230307 20:52:28.711"/>
</kw>
<kw name="Wait Until Page Contains Element" library="SeleniumLibrary">
<arg>${Base_page_banner}</arg>
<doc>Waits until the element ``locator`` appears on the current page.</doc>
<status status="PASS" starttime="20230307 20:52:28.711" endtime="20230307 20:52:28.956"/>
</kw>
<status status="PASS" starttime="20230307 20:52:25.994" endtime="20230307 20:52:28.956"/>
</kw>
<kw name="Input text into &quot;Username&quot; field" library="Login_page">
<arg>${login_credentials}[0]</arg>
<kw name="Input Text" library="SeleniumLibrary">
<arg>${login_username_field}</arg>
<arg>${username_text}</arg>
<doc>Types the given ``text`` into the text field identified by ``locator``.</doc>
<msg timestamp="20230307 20:52:28.956" level="INFO">Typing text 'Admin' into text field 'xpath=//input[@name='username']'.</msg>
<status status="PASS" starttime="20230307 20:52:28.956" endtime="20230307 20:52:29.056"/>
</kw>
<status status="PASS" starttime="20230307 20:52:28.956" endtime="20230307 20:52:29.056"/>
</kw>
<kw name="Input text into &quot;Password&quot; field" library="Login_page">
<arg>${login_credentials}[1]</arg>
<kw name="Input Text" library="SeleniumLibrary">
<arg>${login_password_field}</arg>
<arg>${password_text}</arg>
<doc>Types the given ``text`` into the text field identified by ``locator``.</doc>
<msg timestamp="20230307 20:52:29.056" level="INFO">Typing text 'admin123' into text field 'xpath=//input[@name='password']'.</msg>
<status status="PASS" starttime="20230307 20:52:29.056" endtime="20230307 20:52:29.155"/>
</kw>
<status status="PASS" starttime="20230307 20:52:29.056" endtime="20230307 20:52:29.155"/>
</kw>
<kw name="Click &quot;Login&quot; button" library="Login_page">
<kw name="Click Button" library="SeleniumLibrary">
<arg>${login_login_button}</arg>
<doc>Clicks the button identified by ``locator``.</doc>
<msg timestamp="20230307 20:52:29.155" level="INFO">Clicking button '//button[@type='submit']'.</msg>
<status status="PASS" starttime="20230307 20:52:29.155" endtime="20230307 20:52:30.089"/>
</kw>
<status status="PASS" starttime="20230307 20:52:29.155" endtime="20230307 20:52:30.089"/>
</kw>
<status status="PASS" starttime="20230307 20:52:25.994" endtime="20230307 20:52:30.089"/>
</kw>
<kw name="Main Page validation" library="Dashboard_page">
<kw name="Wait Until Page Contains Element" library="SeleniumLibrary">
<arg>${dashboard_my_info_tab}</arg>
<doc>Waits until the element ``locator`` appears on the current page.</doc>
<status status="PASS" starttime="20230307 20:52:30.097" endtime="20230307 20:52:30.375"/>
</kw>
<kw name="Click Element" library="SeleniumLibrary">
<arg>${dashboard_my_info_tab}</arg>
<doc>Click the element identified by ``locator``.</doc>
<msg timestamp="20230307 20:52:30.375" level="INFO">Clicking element '//li/a/span[contains(., 'My Info')]'.</msg>
<status status="PASS" starttime="20230307 20:52:30.375" endtime="20230307 20:52:31.846"/>
</kw>
<status status="PASS" starttime="20230307 20:52:30.097" endtime="20230307 20:52:31.846"/>
</kw>
<kw name="My Info page validation" library="My_info_page">
<kw name="Wait Until Page Contains Element" library="SeleniumLibrary">
<arg>${my_info_page_validator}</arg>
<doc>Waits until the element ``locator`` appears on the current page.</doc>
<status status="PASS" starttime="20230307 20:52:31.846" endtime="20230307 20:52:32.197"/>
</kw>
<status status="PASS" starttime="20230307 20:52:31.846" endtime="20230307 20:52:32.203"/>
</kw>
<kw name="Scroll Element Into View" library="SeleniumLibrary">
<arg>${my_info_checkbox}</arg>
<doc>Scrolls the element identified by ``locator`` into view.</doc>
<msg timestamp="20230307 20:52:32.537" level="INFO" html="true">&lt;/td&gt;&lt;/tr&gt;&lt;tr&gt;&lt;td colspan="3"&gt;&lt;a href="selenium-screenshot-9.png"&gt;&lt;img src="selenium-screenshot-9.png" width="800px"&gt;&lt;/a&gt;</msg>
<msg timestamp="20230307 20:52:32.537" level="FAIL">Element with locator '//i[contains(@class, 'oxd-checkbox')]' not found.</msg>
<status status="FAIL" starttime="20230307 20:52:32.204" endtime="20230307 20:52:32.537"/>
</kw>
<kw name="Wait Until Page Contains Element" library="SeleniumLibrary">
<arg>${my_info_martial_status_list}</arg>
<doc>Waits until the element ``locator`` appears on the current page.</doc>
<status status="NOT RUN" starttime="20230307 20:52:32.537" endtime="20230307 20:52:32.553"/>
</kw>
<kw name="Click Element" library="SeleniumLibrary">
<arg>${my_info_martial_status_list}</arg>
<doc>Click the element identified by ``locator``.</doc>
<status status="NOT RUN" starttime="20230307 20:52:32.554" endtime="20230307 20:52:32.555"/>
</kw>
<kw name="Wait Until Page Contains Element" library="SeleniumLibrary">
<arg>${my_info_martial_statuses}</arg>
<doc>Waits until the element ``locator`` appears on the current page.</doc>
<status status="NOT RUN" starttime="20230307 20:52:32.555" endtime="20230307 20:52:32.555"/>
</kw>
<kw name="Get WebElements" library="SeleniumLibrary">
<var>@{martial_statuses}</var>
<arg>${my_info_martial_statuses}</arg>
<doc>Returns a list of WebElement objects matching the ``locator``.</doc>
<status status="NOT RUN" starttime="20230307 20:52:32.555" endtime="20230307 20:52:32.555"/>
</kw>
<kw name="Create List" library="BuiltIn">
<var>@{statuses}</var>
<doc>Returns a list containing given items.</doc>
<status status="NOT RUN" starttime="20230307 20:52:32.555" endtime="20230307 20:52:32.555"/>
</kw>
<kw name="Create List" library="BuiltIn">
<var>@{list_to_verify}</var>
<arg>-- Select --</arg>
<arg>Single</arg>
<arg>Married</arg>
<arg>Other</arg>
<doc>Returns a list containing given items.</doc>
<status status="NOT RUN" starttime="20230307 20:52:32.555" endtime="20230307 20:52:32.555"/>
</kw>
<for flavor="IN">
<var>${element}</var>
<value>@{martial_statuses}</value>
<iter>
<var name="${element}"/>
<kw name="Append To List" library="Collections">
<arg>${statuses}</arg>
<arg>${element.text}</arg>
<doc>Adds ``values`` to the end of ``list``.</doc>
<status status="NOT RUN" starttime="20230307 20:52:32.555" endtime="20230307 20:52:32.555"/>
</kw>
<status status="NOT RUN" starttime="20230307 20:52:32.555" endtime="20230307 20:52:32.555"/>
</iter>
<status status="NOT RUN" starttime="20230307 20:52:32.555" endtime="20230307 20:52:32.555"/>
</for>
<kw name="Log List" library="Collections">
<arg>${statuses}</arg>
<doc>Logs the length and contents of the ``list`` using given ``level``.</doc>
<status status="NOT RUN" starttime="20230307 20:52:32.555" endtime="20230307 20:52:32.555"/>
</kw>
<kw name="Log List" library="Collections">
<arg>${list_to_verify}</arg>
<doc>Logs the length and contents of the ``list`` using given ``level``.</doc>
<status status="NOT RUN" starttime="20230307 20:52:32.555" endtime="20230307 20:52:32.555"/>
</kw>
<kw name="Lists Should Be Equal" library="Collections">
<arg>${statuses}</arg>
<arg>${list_to_verify}</arg>
<doc>Fails if given lists are unequal.</doc>
<status status="NOT RUN" starttime="20230307 20:52:32.555" endtime="20230307 20:52:32.555"/>
</kw>
<kw name="Logout and close page" library="Common" type="TEARDOWN">
<kw name="Logout user" library="Dashboard_page">
<kw name="Wait Until Page Contains Element" library="SeleniumLibrary">
<arg>${dashboard_user_dropdown}</arg>
<doc>Waits until the element ``locator`` appears on the current page.</doc>
<status status="PASS" starttime="20230307 20:52:32.555" endtime="20230307 20:52:32.572"/>
</kw>
<kw name="Click Element" library="SeleniumLibrary">
<arg>${dashboard_user_dropdown}</arg>
<doc>Click the element identified by ``locator``.</doc>
<msg timestamp="20230307 20:52:32.572" level="INFO">Clicking element '//span[@class='oxd-userdropdown-tab']'.</msg>
<status status="PASS" starttime="20230307 20:52:32.572" endtime="20230307 20:52:32.646"/>
</kw>
<kw name="Wait Until Page Contains Element" library="SeleniumLibrary">
<arg>${dashboard_user_logout}</arg>
<doc>Waits until the element ``locator`` appears on the current page.</doc>
<status status="PASS" starttime="20230307 20:52:32.646" endtime="20230307 20:52:33.100"/>
</kw>
<kw name="Click Element" library="SeleniumLibrary">
<arg>${dashboard_user_logout}</arg>
<doc>Click the element identified by ``locator``.</doc>
<msg timestamp="20230307 20:52:33.100" level="INFO">Clicking element '//ul[@class='oxd-dropdown-menu']/li/a[contains(text(), 'Logout')]'.</msg>
<status status="PASS" starttime="20230307 20:52:33.100" endtime="20230307 20:52:33.768"/>
</kw>
<status status="PASS" starttime="20230307 20:52:32.555" endtime="20230307 20:52:33.769"/>
</kw>
<kw name="Close Browser" library="SeleniumLibrary">
<doc>Closes the current browser.</doc>
<status status="PASS" starttime="20230307 20:52:33.769" endtime="20230307 20:52:35.991"/>
</kw>
<status status="PASS" starttime="20230307 20:52:32.555" endtime="20230307 20:52:35.991"/>
</kw>
<tag>validation</tag>
<status status="FAIL" starttime="20230307 20:52:25.994" endtime="20230307 20:52:35.991">Element with locator '//i[contains(@class, 'oxd-checkbox')]' not found.</status>
</test>
<status status="FAIL" starttime="20230307 20:52:08.444" endtime="20230307 20:52:35.991"/>
</suite>
<statistics>
<total>
<stat pass="0" fail="2" skip="0">All Tests</stat>
</total>
<tag>
<stat pass="0" fail="1" skip="0">MyInfoPage</stat>
<stat pass="0" fail="1" skip="0">validation</stat>
</tag>
<suite>
<stat pass="0" fail="2" skip="0" id="s1" name="Tests Myinfo">Tests Myinfo</stat>
</suite>
</statistics>
<errors>
</errors>
</robot>
